Database synced
Seeding initial data...
Server running on http://localhost:3000
New client connected
New client connected
New client connected
New client connected
New client connected
New client connected
New client connected
Client disconnected
New client connected
Client disconnected
New client connected
Client disconnected
New client connected
Client disconnected
New client connected
New client connected
Client disconnected
New client connected
Client disconnected
New client connected
Client disconnected
New client connected
Client disconnected
New client connected
Client disconnected
New client connected
Client disconnected
New client connected
Client disconnected
New client connected
Client disconnected
New client connected
Client disconnected
New client connected
Client disconnected
New client connected
Client disconnected
New client connected
Client disconnected
New client connected
Client disconnected
New client connected
Client disconnected
Client disconnected
Client disconnected
